<?xml version="1.0" encoding="UTF-8"?>
<!-- Generated by org.testng.reporters.JUnitReportReporter -->
<testsuite skipped="0" hostname="mary-VirtualBox" name="com.mycompany.app.AppTest" tests="4" failures="0" timestamp="09 Apr 2018 17:33:26 GMT" time="0.013" errors="0">
  <testcase name="CreateGeneralFileTest" time="0.004" classname="com.mycompany.app.AppTest"/>
  <testcase name="CreateFileWithoutExtension" time="0.001" classname="com.mycompany.app.AppTest"/>
  <testcase name="CreateInappropriateFileTest" time="0.001" classname="com.mycompany.app.AppTest"/>
  <testcase name="CreateAudioFileTest" time="0.007" classname="com.mycompany.app.AppTest"/>
</testsuite> <!-- com.mycompany.app.AppTest -->
